Save repository element : Datawarehouse Sucos : Creation of initial version
Save repository element : Fontes das Fatos : Creation of initial version
Save database : Modification by user
Save repository element : Fontes das Fatos : Modification by user
Save database : Modification by user
Save repository element : Fontes das Fatos : Modification by user
Save database : Modification by user
Save repository element : Fontes das Fatos : Modification by user
Save database : Modification by user
Save repository element : Fontes das Fatos : Modification by user
Save repository element : DM_Presidencial : Creation of initial version
Save database : Modification by user
Save repository element : DM_Presidencial : Modification by user
Save database : Modification by user
Save repository element : DM_Presidencial : Modification by user
Save database : Modification by user
Save repository element : Datawarehouse Sucos : Modification by user
Save database : Modification by user
Save repository element : Datawarehouse Sucos : Modification by user
Save database : Modification by user
Save repository element : Datawarehouse Sucos : Modification by user
Save database : Modification by user
Save repository element : Datawarehouse Sucos : Modification by user
Save database : Modification by user
Save repository element : Datawarehouse Sucos : Modification by user
Save database : Modification by user
Save repository element : Datawarehouse Sucos : Modification by user
Save database : Modification by user
Save repository element : Datawarehouse Sucos : Modification by user
Save database : Modification by user
Save repository element : Datawarehouse Sucos : Modification by user
